<?xml version="1.0" encoding="UTF-8"?>
<coverage generated="1461858229721" clover="3.2.0">
	<project timestamp="1461858229721"  name="All Files" >
		<metrics statements="6"  coveredstatements="3"  conditionals="4"  coveredconditionals="2"  methods="2"  coveredmethods="1"  elements="12"  coveredelements="6"  complexity="0"  packages="1"  files="2"  classes="2"  loc="12"  ncloc="12" />
		<package name="routes" >
			<metrics statements="6"  coveredstatements="3"  conditionals="4"  coveredconditionals="2"  methods="2"  coveredmethods="1" />
			<file name="test.js"  path="D:\boilerplate\routes\test.js" >
				<metrics statements="3"  coveredstatements="0"  conditionals="2"  coveredconditionals="0"  methods="1"  coveredmethods="0" />
				<line num="4"  count="0"  type="stmt" />
				<line num="5"  count="0"  type="stmt" />
				<line num="6"  count="0"  type="cond"  truecount="0"  falsecount="2" />
			</file>
			<file name="utils.js"  path="D:\boilerplate\routes\utils.js" >
				<metrics statements="3"  coveredstatements="3"  conditionals="2"  coveredconditionals="2"  methods="1"  coveredmethods="1" />
				<line num="4"  count="1"  type="stmt" />
				<line num="5"  count="11"  type="stmt" />
				<line num="6"  count="11"  type="cond"  truecount="2"  falsecount="0" />
			</file>
		</package>
	</project>
</coverage>
